<?xml version="1.0" encoding="UTF-8"?>
<!-- Generated by org.testng.reporters.JUnitXMLReporter -->
<testsuite ignored="0" hostname="DESKTOP-EK5PKPI" failures="0" tests="3" name="submitOrder" time="43.967" errors="0" timestamp="2024-08-07T16:43:53 IST">
  <testcase classname="AutomationWIthJava.StandAloneTest" name="submitOrderTest" time="11.468"/>
  <testcase classname="AutomationWIthJava.StandAloneTest" name="submitOrderTest" time="10.82"/>
  <testcase classname="AutomationWIthJava.StandAloneTest" name="orderConfirmation" time="0.867"/>
</testsuite> <!-- submitOrder -->
